2 : 2023-03-17 21:50:59 : Started application 'show_hands'
2 : 2023-03-17 22:03:31 : Started application 'show_hands'
2 : 2023-03-18 18:10:20 : Started application 'show_hands'
2 : 2023-03-18 18:21:47 : Started application 'show_hands'
2 : 2023-03-20 15:06:47 : Started application 'show_hands'
2 : 2023-03-20 22:22:27 : Started application 'show_hands'
2 : 2023-03-20 22:26:51 : Started application 'show_hands'
2 : 2023-03-20 22:51:46 : Started application 'show_hands'
2 : 2023-03-21 02:08:11 : Started application 'show_hands'
2 : 2023-03-21 02:08:34 : Started application 'interpolated_show_hands'
2 : 2023-03-21 02:10:07 : Started application 'show_hands'
2 : 2023-03-21 02:10:33 : Started application 'clock'
2 : 2023-03-22 17:28:17 : Started application 'show_hands'
2 : 2023-03-22 17:28:57 : Started application 'interpolated_show_hands'
2 : 2023-03-22 17:28:57 : Stopped application 'interpolated_show_hands'
2 : 2023-03-22 23:47:33 : Started application 'show_hands'
2 : 2023-03-23 14:19:49 : Started application 'show_hands'
2 : 2023-03-23 14:21:11 : Started application 'show_hands'
2 : 2023-03-23 16:06:06 : Started application 'show_hands'
2 : 2023-03-23 16:07:30 : Started application 'show_hands'
2 : 2023-03-23 16:19:51 : Started application 'show_hands'
2 : 2023-03-23 16:22:17 : Started application 'show_hands'
2 : 2023-03-23 16:27:40 : Started application 'show_hands'
2 : 2023-03-23 18:04:31 : Started application 'show_hands'
2 : 2023-03-23 18:11:49 : Started application 'show_hands'
2 : 2023-03-23 18:13:42 : Started application 'show_hands'
2 : 2023-03-23 19:33:26 : Started application 'show_hands'
2 : 2023-03-23 19:37:45 : Started application 'show_hands'
2 : 2023-03-23 21:27:40 : Started application 'show_hands'
2 : 2023-03-23 21:28:38 : Started application 'show_hands'
2 : 2023-03-23 22:23:34 : Started application 'show_hands'
2 : 2023-03-23 22:29:01 : Started application 'show_hands'
2 : 2023-03-23 22:34:39 : Started application 'show_hands'
2 : 2023-03-23 22:45:54 : Started application 'show_hands'
2 : 2023-03-23 22:58:07 : Started application 'show_hands'
2 : 2023-03-23 23:05:08 : Started application 'show_hands'
2 : 2023-03-23 23:08:18 : Started application 'show_hands'
2 : 2023-03-23 23:09:23 : Started application 'show_hands'
2 : 2023-03-23 23:17:54 : Started application 'show_hands'
2 : 2023-03-24 12:47:48 : Started application 'show_hands'
2 : 2023-03-24 12:56:57 : Started application 'show_hands'
2 : 2023-03-24 13:02:16 : Started application 'show_hands'
2 : 2023-03-24 13:02:55 : Started application 'show_ping'
2 : 2023-03-24 13:02:56 : Started application 'interpolated_show_hands'
2 : 2023-03-24 13:02:57 : Started application 'clock'
2 : 2023-03-24 13:02:58 : Stopped application 'show_ping'
2 : 2023-03-24 13:02:58 : Stopped application 'interpolated_show_hands'
2 : 2023-03-24 13:02:58 : Stopped application 'clock'
2 : 2023-03-24 13:02:58 : Started application 'walking_dog'
2 : 2023-03-24 13:02:58 : Started application 'marbles'
2 : 2023-03-24 13:02:59 : Started application 'clock'
2 : 2023-03-24 13:03:00 : Stopped application 'show_hands'
2 : 2023-03-24 13:03:00 : Stopped application 'walking_dog'
2 : 2023-03-24 13:19:02 : Started application 'show_hands'
2 : 2023-03-24 13:19:18 : Started application 'interpolated_show_hands'
2 : 2023-03-24 13:19:20 : Stopped application 'interpolated_show_hands'
2 : 2023-03-24 16:54:04 : Started application 'show_hands'
2 : 2023-03-24 16:57:10 : Started application 'show_hands'
2 : 2023-03-24 17:02:47 : Started application 'show_hands'
2 : 2023-03-24 17:09:06 : Started application 'show_hands'
