2 : 2023-03-17 21:50:59 : Creating event 'color'
2 : 2023-03-17 21:50:59 : Creating event 'depth'
2 : 2023-03-17 21:50:59 : Creating event 'source'
2 : 2023-03-17 21:50:59 : Registering entity 'driver_hand_pose' to 'color'
2 : 2023-03-17 21:50:59 : Driver running
2 : 2023-03-17 22:03:31 : Creating event 'color'
2 : 2023-03-17 22:03:31 : Creating event 'depth'
2 : 2023-03-17 22:03:31 : Creating event 'source'
2 : 2023-03-17 22:03:31 : Registering entity 'driver_hand_pose' to 'color'
2 : 2023-03-17 22:03:31 : Driver running
2 : 2023-03-18 18:10:20 : Creating event 'color'
2 : 2023-03-18 18:10:20 : Creating event 'depth'
2 : 2023-03-18 18:10:20 : Creating event 'source'
2 : 2023-03-18 18:10:20 : Registering entity 'driver_hand_pose' to 'color'
2 : 2023-03-18 18:10:20 : Driver running
2 : 2023-03-18 18:21:47 : Creating event 'color'
2 : 2023-03-18 18:21:47 : Creating event 'depth'
2 : 2023-03-18 18:21:47 : Creating event 'source'
2 : 2023-03-18 18:21:47 : Registering entity 'driver_hand_pose' to 'color'
2 : 2023-03-18 18:21:47 : Driver running
2 : 2023-03-20 15:06:47 : Creating event 'color'
2 : 2023-03-20 15:06:47 : Creating event 'depth'
2 : 2023-03-20 15:06:47 : Creating event 'source'
2 : 2023-03-20 15:06:47 : Registering entity 'driver_hand_pose' to 'color'
2 : 2023-03-20 15:06:47 : Driver running
2 : 2023-03-20 22:22:27 : Creating event 'color'
2 : 2023-03-20 22:22:27 : Creating event 'depth'
2 : 2023-03-20 22:22:27 : Creating event 'source'
2 : 2023-03-20 22:22:27 : Registering entity 'driver_hand_pose' to 'color'
2 : 2023-03-20 22:22:27 : Driver running
2 : 2023-03-20 22:26:51 : Creating event 'color'
2 : 2023-03-20 22:26:51 : Creating event 'depth'
2 : 2023-03-20 22:26:51 : Creating event 'source'
2 : 2023-03-20 22:26:51 : Registering entity 'driver_hand_pose' to 'color'
2 : 2023-03-20 22:26:51 : Driver running
2 : 2023-03-20 22:51:46 : Creating event 'color'
2 : 2023-03-20 22:51:46 : Creating event 'depth'
2 : 2023-03-20 22:51:46 : Creating event 'source'
2 : 2023-03-20 22:51:46 : Registering entity 'driver_hand_pose' to 'color'
2 : 2023-03-20 22:51:46 : Driver running
2 : 2023-03-21 02:08:11 : Creating event 'color'
2 : 2023-03-21 02:08:11 : Creating event 'depth'
2 : 2023-03-21 02:08:11 : Creating event 'source'
2 : 2023-03-21 02:08:11 : Registering entity 'driver_hand_pose' to 'color'
2 : 2023-03-21 02:08:11 : Driver running
2 : 2023-03-21 02:10:07 : Creating event 'color'
2 : 2023-03-21 02:10:07 : Creating event 'depth'
2 : 2023-03-21 02:10:07 : Creating event 'source'
2 : 2023-03-21 02:10:07 : Registering entity 'driver_hand_pose' to 'color'
2 : 2023-03-21 02:10:07 : Driver running
2 : 2023-03-22 17:28:17 : Creating event 'color'
2 : 2023-03-22 17:28:17 : Creating event 'depth'
2 : 2023-03-22 17:28:17 : Creating event 'source'
2 : 2023-03-22 17:28:17 : Registering entity 'driver_hand_pose' to 'color'
2 : 2023-03-22 17:28:17 : Driver running
2 : 2023-03-22 23:47:33 : Creating event 'color'
2 : 2023-03-22 23:47:33 : Creating event 'depth'
2 : 2023-03-22 23:47:33 : Creating event 'source'
2 : 2023-03-22 23:47:33 : Registering entity 'driver_hand_pose' to 'color'
2 : 2023-03-22 23:47:33 : Driver running
2 : 2023-03-23 14:19:49 : Creating event 'color'
2 : 2023-03-23 14:19:49 : Creating event 'depth'
2 : 2023-03-23 14:19:49 : Creating event 'source'
2 : 2023-03-23 14:19:49 : Registering entity 'driver_hand_pose' to 'color'
2 : 2023-03-23 14:19:49 : Driver running
2 : 2023-03-23 14:21:11 : Creating event 'color'
2 : 2023-03-23 14:21:11 : Creating event 'depth'
2 : 2023-03-23 14:21:11 : Creating event 'source'
2 : 2023-03-23 14:21:11 : Registering entity 'driver_hand_pose' to 'color'
2 : 2023-03-23 14:21:11 : Driver running
2 : 2023-03-23 16:06:06 : Creating event 'color'
2 : 2023-03-23 16:06:06 : Creating event 'depth'
2 : 2023-03-23 16:06:06 : Creating event 'source'
2 : 2023-03-23 16:06:06 : Registering entity 'driver_hand_pose' to 'color'
2 : 2023-03-23 16:06:06 : Driver running
2 : 2023-03-23 16:07:30 : Creating event 'color'
2 : 2023-03-23 16:07:30 : Creating event 'depth'
2 : 2023-03-23 16:07:30 : Creating event 'source'
2 : 2023-03-23 16:07:30 : Registering entity 'driver_hand_pose' to 'color'
2 : 2023-03-23 16:07:30 : Driver running
2 : 2023-03-23 16:19:50 : Creating event 'color'
2 : 2023-03-23 16:19:50 : Creating event 'depth'
2 : 2023-03-23 16:19:50 : Creating event 'source'
2 : 2023-03-23 16:19:50 : Registering entity 'driver_hand_pose' to 'color'
2 : 2023-03-23 16:19:51 : Driver running
2 : 2023-03-23 16:22:17 : Creating event 'color'
2 : 2023-03-23 16:22:17 : Creating event 'depth'
2 : 2023-03-23 16:22:17 : Creating event 'source'
2 : 2023-03-23 16:22:17 : Registering entity 'driver_hand_pose' to 'color'
2 : 2023-03-23 16:22:17 : Driver running
2 : 2023-03-23 16:27:40 : Creating event 'color'
2 : 2023-03-23 16:27:40 : Creating event 'depth'
2 : 2023-03-23 16:27:40 : Creating event 'source'
2 : 2023-03-23 16:27:40 : Registering entity 'driver_hand_pose' to 'color'
2 : 2023-03-23 16:27:40 : Driver running
2 : 2023-03-23 18:04:31 : Creating event 'color'
2 : 2023-03-23 18:04:31 : Creating event 'depth'
2 : 2023-03-23 18:04:31 : Creating event 'source'
2 : 2023-03-23 18:04:31 : Registering entity 'driver_hand_pose' to 'color'
2 : 2023-03-23 18:04:31 : Driver running
2 : 2023-03-23 18:11:49 : Creating event 'color'
2 : 2023-03-23 18:11:49 : Creating event 'depth'
2 : 2023-03-23 18:11:49 : Creating event 'source'
2 : 2023-03-23 18:11:49 : Registering entity 'driver_hand_pose' to 'color'
2 : 2023-03-23 18:11:50 : Driver running
2 : 2023-03-23 18:13:42 : Creating event 'color'
2 : 2023-03-23 18:13:42 : Creating event 'depth'
2 : 2023-03-23 18:13:42 : Creating event 'source'
2 : 2023-03-23 18:13:42 : Registering entity 'driver_hand_pose' to 'color'
2 : 2023-03-23 18:13:42 : Driver running
2 : 2023-03-23 19:33:26 : Creating event 'color'
2 : 2023-03-23 19:33:26 : Creating event 'depth'
2 : 2023-03-23 19:33:26 : Creating event 'source'
2 : 2023-03-23 19:33:26 : Registering entity 'driver_hand_pose' to 'color'
2 : 2023-03-23 19:33:26 : Driver running
2 : 2023-03-23 19:37:45 : Creating event 'color'
2 : 2023-03-23 19:37:45 : Creating event 'depth'
2 : 2023-03-23 19:37:45 : Creating event 'source'
2 : 2023-03-23 19:37:45 : Registering entity 'driver_hand_pose' to 'color'
2 : 2023-03-23 19:37:45 : Driver running
2 : 2023-03-23 21:27:40 : Creating event 'color'
2 : 2023-03-23 21:27:40 : Creating event 'depth'
2 : 2023-03-23 21:27:40 : Creating event 'source'
2 : 2023-03-23 21:27:40 : Registering entity 'driver_hand_pose' to 'color'
2 : 2023-03-23 21:27:40 : Driver running
2 : 2023-03-23 21:28:38 : Creating event 'color'
2 : 2023-03-23 21:28:38 : Creating event 'depth'
2 : 2023-03-23 21:28:38 : Creating event 'source'
2 : 2023-03-23 21:28:38 : Registering entity 'driver_hand_pose' to 'color'
2 : 2023-03-23 21:28:39 : Driver running
2 : 2023-03-23 22:23:34 : Creating event 'color'
2 : 2023-03-23 22:23:34 : Creating event 'depth'
2 : 2023-03-23 22:23:34 : Creating event 'source'
2 : 2023-03-23 22:23:34 : Registering entity 'driver_hand_pose' to 'color'
2 : 2023-03-23 22:23:34 : Driver running
2 : 2023-03-23 22:29:01 : Creating event 'color'
2 : 2023-03-23 22:29:01 : Creating event 'depth'
2 : 2023-03-23 22:29:01 : Creating event 'source'
2 : 2023-03-23 22:29:01 : Registering entity 'driver_hand_pose' to 'color'
2 : 2023-03-23 22:29:01 : Driver running
2 : 2023-03-23 22:34:39 : Creating event 'color'
2 : 2023-03-23 22:34:39 : Creating event 'depth'
2 : 2023-03-23 22:34:39 : Creating event 'source'
2 : 2023-03-23 22:34:39 : Registering entity 'driver_hand_pose' to 'color'
2 : 2023-03-23 22:34:39 : Driver running
2 : 2023-03-23 22:45:54 : Creating event 'color'
2 : 2023-03-23 22:45:54 : Creating event 'depth'
2 : 2023-03-23 22:45:54 : Creating event 'source'
2 : 2023-03-23 22:45:54 : Registering entity 'driver_hand_pose' to 'color'
2 : 2023-03-23 22:45:55 : Driver running
2 : 2023-03-23 22:58:07 : Creating event 'color'
2 : 2023-03-23 22:58:07 : Creating event 'depth'
2 : 2023-03-23 22:58:07 : Creating event 'source'
2 : 2023-03-23 22:58:07 : Registering entity 'driver_hand_pose' to 'color'
2 : 2023-03-23 22:58:08 : Driver running
2 : 2023-03-23 23:05:08 : Creating event 'color'
2 : 2023-03-23 23:05:08 : Creating event 'depth'
2 : 2023-03-23 23:05:08 : Creating event 'source'
2 : 2023-03-23 23:05:08 : Registering entity 'driver_hand_pose' to 'color'
2 : 2023-03-23 23:05:08 : Driver running
2 : 2023-03-23 23:08:18 : Creating event 'color'
2 : 2023-03-23 23:08:18 : Creating event 'depth'
2 : 2023-03-23 23:08:18 : Creating event 'source'
2 : 2023-03-23 23:08:18 : Registering entity 'driver_hand_pose' to 'color'
2 : 2023-03-23 23:08:18 : Driver running
2 : 2023-03-23 23:09:23 : Creating event 'color'
2 : 2023-03-23 23:09:23 : Creating event 'depth'
2 : 2023-03-23 23:09:23 : Creating event 'source'
2 : 2023-03-23 23:09:23 : Registering entity 'driver_hand_pose' to 'color'
2 : 2023-03-23 23:09:23 : Driver running
2 : 2023-03-23 23:17:54 : Creating event 'color'
2 : 2023-03-23 23:17:54 : Creating event 'depth'
2 : 2023-03-23 23:17:54 : Creating event 'source'
2 : 2023-03-23 23:17:54 : Registering entity 'driver_hand_pose' to 'color'
2 : 2023-03-23 23:17:54 : Driver running
2 : 2023-03-24 12:47:48 : Creating event 'color'
2 : 2023-03-24 12:47:48 : Creating event 'depth'
2 : 2023-03-24 12:47:48 : Creating event 'source'
2 : 2023-03-24 12:47:48 : Registering entity 'driver_hand_pose' to 'color'
2 : 2023-03-24 12:47:48 : Driver running
2 : 2023-03-24 12:56:57 : Creating event 'color'
2 : 2023-03-24 12:56:57 : Creating event 'depth'
2 : 2023-03-24 12:56:57 : Creating event 'source'
2 : 2023-03-24 12:56:57 : Registering entity 'driver_hand_pose' to 'color'
2 : 2023-03-24 12:56:57 : Driver running
2 : 2023-03-24 13:02:16 : Creating event 'color'
2 : 2023-03-24 13:02:16 : Creating event 'depth'
2 : 2023-03-24 13:02:16 : Creating event 'source'
2 : 2023-03-24 13:02:16 : Registering entity 'driver_hand_pose' to 'color'
2 : 2023-03-24 13:02:16 : Driver running
2 : 2023-03-24 13:19:02 : Creating event 'color'
2 : 2023-03-24 13:19:02 : Creating event 'depth'
2 : 2023-03-24 13:19:02 : Creating event 'source'
2 : 2023-03-24 13:19:02 : Registering entity 'driver_hand_pose' to 'color'
2 : 2023-03-24 13:19:02 : Driver running
2 : 2023-03-24 16:54:04 : Creating event 'color'
2 : 2023-03-24 16:54:04 : Creating event 'depth'
2 : 2023-03-24 16:54:04 : Creating event 'source'
2 : 2023-03-24 16:54:04 : Registering entity 'driver_hand_pose' to 'color'
2 : 2023-03-24 16:54:04 : Driver running
2 : 2023-03-24 16:57:10 : Creating event 'color'
2 : 2023-03-24 16:57:10 : Creating event 'depth'
2 : 2023-03-24 16:57:10 : Creating event 'source'
2 : 2023-03-24 16:57:10 : Registering entity 'driver_hand_pose' to 'color'
2 : 2023-03-24 16:57:10 : Driver running
2 : 2023-03-24 17:02:47 : Creating event 'color'
2 : 2023-03-24 17:02:47 : Creating event 'depth'
2 : 2023-03-24 17:02:47 : Creating event 'source'
2 : 2023-03-24 17:02:47 : Registering entity 'driver_hand_pose' to 'color'
2 : 2023-03-24 17:02:48 : Driver running
2 : 2023-03-24 17:09:06 : Creating event 'color'
2 : 2023-03-24 17:09:06 : Creating event 'depth'
2 : 2023-03-24 17:09:06 : Creating event 'source'
2 : 2023-03-24 17:09:06 : Registering entity 'driver_hand_pose' to 'color'
2 : 2023-03-24 17:09:06 : Driver running
