2 : 2023-03-21 02:08:34 : Creating event 'interpolated_data'
2 : 2023-03-21 02:08:34 : Creating callback for action 'interpolate_points'
2 : 2023-03-21 02:08:34 : Registering entity 'interpolated_show_hands' to 'interpolated_data'
2 : 2023-03-21 02:08:34 : Driver running
2 : 2023-03-22 17:28:57 : Creating event 'interpolated_data'
2 : 2023-03-22 17:28:57 : Creating callback for action 'interpolate_points'
2 : 2023-03-22 17:28:57 : Registering entity 'interpolated_show_hands' to 'interpolated_data'
2 : 2023-03-22 17:28:57 : Driver running
2 : 2023-03-22 17:28:57 : Unregistering entity 'interpolated_show_hands' from 'interpolated_data'
2 : 2023-03-22 17:28:57 : Pausing driver: no one is subscribed to it anymore
2 : 2023-03-22 17:28:57 : Driver paused
2 : 2023-03-24 13:02:56 : Creating event 'interpolated_data'
2 : 2023-03-24 13:02:56 : Creating callback for action 'interpolate_points'
2 : 2023-03-24 13:02:56 : Registering entity 'interpolated_show_hands' to 'interpolated_data'
2 : 2023-03-24 13:02:56 : Driver running
2 : 2023-03-24 13:02:58 : Unregistering entity 'interpolated_show_hands' from 'interpolated_data'
2 : 2023-03-24 13:02:58 : Pausing driver: no one is subscribed to it anymore
2 : 2023-03-24 13:02:58 : Driver paused
2 : 2023-03-24 13:02:58 : Driver resumed
2 : 2023-03-24 13:02:58 : Registering entity 'marbles' to 'interpolated_data'
2 : 2023-03-24 13:19:18 : Creating event 'interpolated_data'
3 : 2023-03-24 13:19:18 : Interpolate driver initialized
2 : 2023-03-24 13:19:18 : Creating callback for action 'interpolate_points'
2 : 2023-03-24 13:19:18 : Driver running
2 : 2023-03-24 13:19:18 : Registering entity 'interpolated_show_hands' to 'interpolated_data'
2 : 2023-03-24 13:19:20 : Unregistering entity 'interpolated_show_hands' from 'interpolated_data'
2 : 2023-03-24 13:19:20 : Pausing driver: no one is subscribed to it anymore
2 : 2023-03-24 13:19:20 : Driver paused
