Dec-02-2022-11:58:05AM : Creating event 'color'
Dec-02-2022-11:58:05AM : Creating event 'depth'
Dec-02-2022-11:58:05AM : Creating event 'source'
Dec-02-2022-11:58:05AM : Registering entity 'driver_pose' to 'color'
Dec-02-2022-11:58:05AM : Registering entity 'driver_pose_to_mirror' to 'depth'
Dec-02-2022-11:58:21AM : Creating event 'color'
Dec-02-2022-11:58:21AM : Creating event 'depth'
Dec-02-2022-11:58:21AM : Creating event 'source'
Dec-02-2022-11:58:21AM : Registering entity 'driver_pose' to 'color'
Dec-02-2022-11:58:21AM : Registering entity 'driver_pose_to_mirror' to 'depth'
Jan-02-2023-10:59:16AM : Creating event 'color'
Jan-02-2023-10:59:16AM : Creating event 'depth'
Jan-02-2023-10:59:16AM : Creating event 'source'
Jan-02-2023-10:59:16AM : Registering entity 'driver_pose' to 'color'
Jan-02-2023-10:59:16AM : Registering entity 'driver_pose_to_mirror' to 'depth'
Jan-02-2023-10:59:51AM : Creating event 'color'
Jan-02-2023-10:59:51AM : Creating event 'depth'
Jan-02-2023-10:59:51AM : Creating event 'source'
Jan-02-2023-10:59:51AM : Registering entity 'driver_pose' to 'color'
Jan-02-2023-10:59:51AM : Registering entity 'driver_pose_to_mirror' to 'depth'
